var			-1
id			[22, 0]
:			-1
int			-1
[			-1
]			-1
var			-1
id			[6, 0]
:			-1
int			-1
var			-1
id			[9, 0]
:			-1
int			-1
read			-1
(			-1
id			[9, 0]
)			-1
for			-1
(			-1
id			[6, 0]
=			-1
const			[48, 0]
;			-1
id			[6, 0]
<			-1
id			[9, 0]
;			-1
id			[6, 0]
=			-1
id			[6, 0]
+			-1
const			[49, 0]
)			-1
do			-1
read			-1
(			-1
id			[22, 0]
[			-1
id			[6, 0]
]			-1
)			-1
var			-1
id			[23, 0]
:			-1
int			-1
id			[23, 0]
=			-1
id			[22, 0]
[			-1
const			[48, 0]
]			-1
for			-1
(			-1
id			[6, 0]
=			-1
const			[49, 0]
;			-1
id			[6, 0]
<			-1
id			[9, 0]
;			-1
id			[6, 0]
=			-1
id			[6, 0]
+			-1
const			[49, 0]
)			-1
do			-1
if			-1
(			-1
id			[22, 0]
[			-1
id			[6, 0]
]			-1
>			-1
id			[23, 0]
)			-1
then			-1
id			[23, 0]
=			-1
id			[22, 0]
[			-1
id			[6, 0]
]			-1
print			-1
(			-1
id			[23, 0]
)			-1
